[35m[1mScanning dependencies of target _apriltag_ros_generate_messages_check_deps_AnalyzeSingleImage[0m
[35m[1mScanning dependencies of target _apriltag_ros_generate_messages_check_deps_AprilTagDetectionArray[0m
[35m[1mScanning dependencies of target std_msgs_generate_messages_cpp[0m
[35m[1mScanning dependencies of target _apriltag_ros_generate_messages_check_deps_AprilTagDetection[0m
[  0%] Built target std_msgs_generate_messages_cpp
[35m[1mScanning dependencies of target sensor_msgs_generate_messages_cpp[0m
[  0%] Built target sensor_msgs_generate_messages_cpp
[  0%] Built target _apriltag_ros_generate_messages_check_deps_AnalyzeSingleImage
[  0%] Built target _apriltag_ros_generate_messages_check_deps_AprilTagDetectionArray
[35m[1mScanning dependencies of target geometry_msgs_generate_messages_cpp[0m
[35m[1mScanning dependencies of target sensor_msgs_generate_messages_py[0m
[  0%] Built target _apriltag_ros_generate_messages_check_deps_AprilTagDetection
[35m[1mScanning dependencies of target geometry_msgs_generate_messages_py[0m
[  0%] Built target geometry_msgs_generate_messages_cpp
[  0%] Built target sensor_msgs_generate_messages_py
[35m[1mScanning dependencies of target std_msgs_generate_messages_py[0m
[  0%] Built target geometry_msgs_generate_messages_py
[35m[1mScanning dependencies of target apriltag_ros_generate_messages_cpp[0m
[  0%] Built target std_msgs_generate_messages_py
[  5%] [34m[1mGenerating C++ code from apriltag_ros/AprilTagDetectionArray.msg[0m
[ 10%] [34m[1mGenerating C++ code from apriltag_ros/AprilTagDetection.msg[0m
[ 15%] [34m[1mGenerating C++ code from apriltag_ros/AnalyzeSingleImage.srv[0m
[35m[1mScanning dependencies of target apriltag_ros_generate_messages_py[0m
[ 20%] [34m[1mGenerating Python from MSG apriltag_ros/AprilTagDetection[0m
[ 30%] [34m[1mGenerating Python from MSG apriltag_ros/AprilTagDetectionArray[0m
[ 30%] [34m[1mGenerating Python code from SRV apriltag_ros/AnalyzeSingleImage[0m
[ 40%] [34m[1mGenerating Python msg __init__.py for apriltag_ros[0m
[ 40%] [34m[1mGenerating Python srv __init__.py for apriltag_ros[0m
[ 40%] Built target apriltag_ros_generate_messages_cpp
[35m[1mScanning dependencies of target apriltag_ros_common[0m
[ 40%] Built target apriltag_ros_generate_messages_py
[35m[1mScanning dependencies of target apriltag_ros_generate_messages[0m
[ 40%] Built target apriltag_ros_generate_messages
[ 45%] [32mBuilding CXX object CMakeFiles/apriltag_ros_common.dir/src/common_functions.cpp.o[0m
[ 50%] [32m[1mLinking CXX shared library /home/duck5/duckietown/catkin_ws/devel/.private/apriltag_ros/lib/libapriltag_ros_common.so[0m
[ 50%] Built target apriltag_ros_common
[35m[1mScanning dependencies of target apriltag_ros_single_image_client_node[0m
[35m[1mScanning dependencies of target apriltag_ros_single_image_detector[0m
[35m[1mScanning dependencies of target apriltag_ros_continuous_detector[0m
[ 55%] [32mBuilding CXX object CMakeFiles/apriltag_ros_single_image_client_node.dir/src/apriltag_ros_single_image_client_node.cpp.o[0m
[ 60%] [32mBuilding CXX object CMakeFiles/apriltag_ros_single_image_detector.dir/src/single_image_detector.cpp.o[0m
[ 65%] [32mBuilding CXX object CMakeFiles/apriltag_ros_continuous_detector.dir/src/continuous_detector.cpp.o[0m
[01m[Kc++:[m[K [01;31m[Kinternal compiler error: [m[KKilled (program cc1plus)
Please submit a full bug report,
with preprocessed source if appropriate.
See <file:///usr/share/doc/gcc-5/README.Bugs> for instructions.
make[2]: *** [CMakeFiles/apriltag_ros_continuous_detector.dir/src/continuous_detector.cpp.o] Error 4
CMakeFiles/apriltag_ros_continuous_detector.dir/build.make:62: recipe for target 'CMakeFiles/apriltag_ros_continuous_detector.dir/src/continuous_detector.cpp.o' failed
make[1]: *** [CMakeFiles/apriltag_ros_continuous_detector.dir/all] Error 2
CMakeFiles/Makefile2:144: recipe for target 'CMakeFiles/apriltag_ros_continuous_detector.dir/all' failed
make[1]: *** Waiting for unfinished jobs....
[ 70%] [32m[1mLinking CXX executable /home/duck5/duckietown/catkin_ws/devel/.private/apriltag_ros/lib/apriltag_ros/apriltag_ros_single_image_client_node[0m
[ 70%] Built target apriltag_ros_single_image_client_node
[ 75%] [32m[1mLinking CXX shared library /home/duck5/duckietown/catkin_ws/devel/.private/apriltag_ros/lib/libapriltag_ros_single_image_detector.so[0m
[ 75%] Built target apriltag_ros_single_image_detector
Makefile:138: recipe for target 'all' failed
make: *** [all] Error 2
